Build started 21/04/2013 06:05:10.
     1>Project "C:\FastCG\samples\bumpmapping\bumpmapping.vcxproj" on node 2 (build target(s)).
     1>InitializeBuildStatus:
         Touching "Debug (Fixed Function Pipline)\bumpmapping.unsuccessfulbuild".
       ClCompile:
         C:\Program Files (x86)\Microsoft Visual Studio 10.0\VC\bin\CL.exe /c /I../../core/include /I../../image/include /I../../dependencies/freeglut_281/include /I../../dependencies/glew_190/include /I../../dependencies/glm_0943/include /I../../dependencies/libpng_161/include /I../../dependencies/zlib_127/include /I../../dependencies/freetype_2411/include /ZI /nologo /W3 /WX- /Od /Oy- /D FREEGLUT_STATIC /D GLEW_BUILD=GLEW_STATIC /D _CRT_SECURE_NO_WARNINGS /D _MBCS /D _MBCS /Gm /EHsc /RTC1 /MDd /GS /fp:precise /Zc:wchar_t /Zc:forScope /Fo"Debug (Fixed Function Pipline)\\" /Fd"Debug (Fixed Function Pipline)\vc100.pdb" /Gd /TP /analyze- /errorReport:prompt src\BumpMappingApplication.cpp src\main.cpp
         BumpMappingApplication.cpp
         Generating Code...
         Compiling...
         main.cpp
         Generating Code...
       Link:
         C:\Program Files (x86)\Microsoft Visual Studio 10.0\VC\bin\link.exe /ERRORREPORT:PROMPT /OUT:"Debug (Fixed Function Pipline)\bumpmappingd.exe" /NOLOGO /LIBPATH:../../dependencies/zlib_127/Debug /LIBPATH:../../dependencies/libpng_161/Debug /LIBPATH:../../dependencies/freetype_2411/Debug /LIBPATH:../../dependencies/freeglut_281/Debug /LIBPATH:../../dependencies/glew_190/Debug /LIBPATH:../../image/Debug /LIBPATH:../../core/Debug kernel32.lib user32.lib gdi32.lib winspool.lib comdlg32.lib advapi32.lib shell32.lib ole32.lib oleaut32.lib uuid.lib odbc32.lib odbccp32.lib zlibd.lib libpngd.lib freetype2411d.lib glewd.lib cored.lib imaged.lib kernel32.lib user32.lib gdi32.lib winspool.lib comdlg32.lib advapi32.lib shell32.lib ole32.lib oleaut32.lib uuid.lib odbc32.lib odbccp32.lib /MANIFEST /ManifestFile:"Debug (Fixed Function Pipline)\bumpmappingd.exe.intermediate.manifest" /MANIFESTUAC:"level='asInvoker' uiAccess='false'" /DEBUG /PDB:"C:\FastCG\samples\bumpmapping\Debug (Fixed Function Pipline)\bumpmappingd.pdb" /TLBID:1 /DYNAMICBASE /NXCOMPAT /IMPLIB:"Debug (Fixed Function Pipline)\bumpmappingd.lib" /MACHINE:X86 "Debug (Fixed Function Pipline)\BumpMappingApplication.obj"
         "Debug (Fixed Function Pipline)\main.obj"
            Creating library Debug (Fixed Function Pipline)\bumpmappingd.lib and object Debug (Fixed Function Pipline)\bumpmappingd.exp
     1>BumpMappingApplication.obj : error LNK2019: unresolved external symbol "public: __thiscall Material::Material(struct glm::detail::tvec4<float> const &,struct glm::detail::tvec4<float> const &,struct glm::detail::tvec4<float> const &,float,bool,struct glm::detail::tvec4<float> const &)" (??0Material@@QAE@ABU?$tvec4@M@detail@glm@@00M_N0@Z) referenced in function "protected: virtual void __thiscall BumpMappingApplication::OnStart(void)" (?OnStart@BumpMappingApplication@@MAEXXZ)
     1>Debug (Fixed Function Pipline)\bumpmappingd.exe : fatal error LNK1120: 1 unresolved externals
     1>Done Building Project "C:\FastCG\samples\bumpmapping\bumpmapping.vcxproj" (build target(s)) -- FAILED.

Build FAILED.

Time Elapsed 00:00:03.95
